{"/home/vane/Documentos/CURSOS/itjuana-bootcamp/fullstack-backend/src/controllers/project.js": {"path":"/home/vane/Documentos/CURSOS/itjuana-bootcamp/fullstack-backend/src/controllers/project.js","statementMap":{"0":{"start":{"line":1,"column":23},"end":{"line":1,"column":54}},"1":{"start":{"line":3,"column":0},"end":{"line":15,"column":2}},"2":{"start":{"line":4,"column":4},"end":{"line":14,"column":5}},"3":{"start":{"line":5,"column":23},"end":{"line":5,"column":57}},"4":{"start":{"line":6,"column":8},"end":{"line":8,"column":11}},"5":{"start":{"line":10,"column":8},"end":{"line":10,"column":34}},"6":{"start":{"line":11,"column":8},"end":{"line":13,"column":11}},"7":{"start":{"line":17,"column":0},"end":{"line":30,"column":2}},"8":{"start":{"line":18,"column":4},"end":{"line":29,"column":5}},"9":{"start":{"line":19,"column":22},"end":{"line":19,"column":72}},"10":{"start":{"line":20,"column":8},"end":{"line":20,"column":29}},"11":{"start":{"line":21,"column":8},"end":{"line":23,"column":10}},"12":{"start":{"line":25,"column":8},"end":{"line":25,"column":33}},"13":{"start":{"line":26,"column":8},"end":{"line":28,"column":11}},"14":{"start":{"line":32,"column":0},"end":{"line":45,"column":2}},"15":{"start":{"line":33,"column":4},"end":{"line":44,"column":5}},"16":{"start":{"line":34,"column":27},"end":{"line":34,"column":71}},"17":{"start":{"line":35,"column":8},"end":{"line":38,"column":10}},"18":{"start":{"line":40,"column":8},"end":{"line":40,"column":32}},"19":{"start":{"line":41,"column":8},"end":{"line":43,"column":11}},"20":{"start":{"line":47,"column":0},"end":{"line":61,"column":2}},"21":{"start":{"line":48,"column":4},"end":{"line":59,"column":5}},"22":{"start":{"line":49,"column":23},"end":{"line":49,"column":33}},"23":{"start":{"line":50,"column":28},"end":{"line":50,"column":36}},"24":{"start":{"line":52,"column":30},"end":{"line":52,"column":81}},"25":{"start":{"line":54,"column":8},"end":{"line":54,"column":44}},"26":{"start":{"line":57,"column":8},"end":{"line":57,"column":29}},"27":{"start":{"line":58,"column":8},"end":{"line":58,"column":57}}},"fnMap":{"0":{"name":"(anonymous_0)","decl":{"start":{"line":3,"column":22},"end":{"line":3,"column":23}},"loc":{"start":{"line":3,"column":42},"end":{"line":15,"column":1}},"line":3},"1":{"name":"(anonymous_1)","decl":{"start":{"line":17,"column":25},"end":{"line":17,"column":26}},"loc":{"start":{"line":17,"column":45},"end":{"line":30,"column":1}},"line":17},"2":{"name":"(anonymous_2)","decl":{"start":{"line":32,"column":24},"end":{"line":32,"column":25}},"loc":{"start":{"line":32,"column":43},"end":{"line":45,"column":1}},"line":32},"3":{"name":"(anonymous_3)","decl":{"start":{"line":47,"column":24},"end":{"line":47,"column":25}},"loc":{"start":{"line":47,"column":44},"end":{"line":61,"column":1}},"line":47}},"branchMap":{},"s":{"0":1,"1":1,"2":0,"3":0,"4":0,"5":0,"6":0,"7":1,"8":0,"9":0,"10":0,"11":0,"12":0,"13":0,"14":1,"15":0,"16":0,"17":0,"18":0,"19":0,"20":1,"21":4,"22":4,"23":4,"24":4,"25":3,"26":1,"27":1},"f":{"0":0,"1":0,"2":0,"3":4},"b":{},"_coverageSchema":"1a1c01bbd47fc00a2c39e90264f33305004495a9","hash":"ce98838080e8072732937a8acbed8def31d97187"}
,"/home/vane/Documentos/CURSOS/itjuana-bootcamp/fullstack-backend/src/models/project.js": {"path":"/home/vane/Documentos/CURSOS/itjuana-bootcamp/fullstack-backend/src/models/project.js","statementMap":{"0":{"start":{"line":1,"column":17},"end":{"line":1,"column":36}},"1":{"start":{"line":3,"column":15},"end":{"line":3,"column":30}},"2":{"start":{"line":5,"column":22},"end":{"line":30,"column":2}},"3":{"start":{"line":32,"column":0},"end":{"line":32,"column":58}}},"fnMap":{},"branchMap":{},"s":{"0":2,"1":2,"2":2,"3":2},"f":{},"b":{},"_coverageSchema":"1a1c01bbd47fc00a2c39e90264f33305004495a9","hash":"7cf58aac51f1584390a9150cd522819363adf2ff"}
,"/home/vane/Documentos/CURSOS/itjuana-bootcamp/fullstack-backend/src/services/projects.js": {"path":"/home/vane/Documentos/CURSOS/itjuana-bootcamp/fullstack-backend/src/services/projects.js","statementMap":{"0":{"start":{"line":1,"column":16},"end":{"line":1,"column":44}},"1":{"start":{"line":3,"column":0},"end":{"line":6,"column":2}},"2":{"start":{"line":4,"column":19},"end":{"line":4,"column":53}},"3":{"start":{"line":5,"column":4},"end":{"line":5,"column":20}},"4":{"start":{"line":8,"column":0},"end":{"line":11,"column":1}},"5":{"start":{"line":9,"column":18},"end":{"line":9,"column":56}},"6":{"start":{"line":10,"column":4},"end":{"line":10,"column":19}},"7":{"start":{"line":13,"column":0},"end":{"line":23,"column":2}},"8":{"start":{"line":14,"column":20},"end":{"line":21,"column":6}},"9":{"start":{"line":22,"column":4},"end":{"line":22,"column":32}},"10":{"start":{"line":25,"column":0},"end":{"line":31,"column":2}},"11":{"start":{"line":26,"column":4},"end":{"line":29,"column":14}},"12":{"start":{"line":33,"column":0},"end":{"line":35,"column":2}},"13":{"start":{"line":34,"column":4},"end":{"line":34,"column":47}}},"fnMap":{"0":{"name":"(anonymous_0)","decl":{"start":{"line":3,"column":22},"end":{"line":3,"column":23}},"loc":{"start":{"line":3,"column":33},"end":{"line":6,"column":1}},"line":3},"1":{"name":"(anonymous_1)","decl":{"start":{"line":8,"column":25},"end":{"line":8,"column":26}},"loc":{"start":{"line":8,"column":38},"end":{"line":11,"column":1}},"line":8},"2":{"name":"(anonymous_2)","decl":{"start":{"line":13,"column":24},"end":{"line":13,"column":25}},"loc":{"start":{"line":13,"column":47},"end":{"line":23,"column":1}},"line":13},"3":{"name":"(anonymous_3)","decl":{"start":{"line":25,"column":24},"end":{"line":25,"column":25}},"loc":{"start":{"line":25,"column":51},"end":{"line":31,"column":1}},"line":25},"4":{"name":"(anonymous_4)","decl":{"start":{"line":33,"column":24},"end":{"line":33,"column":25}},"loc":{"start":{"line":33,"column":38},"end":{"line":35,"column":1}},"line":33}},"branchMap":{},"s":{"0":2,"1":2,"2":0,"3":0,"4":2,"5":0,"6":0,"7":2,"8":0,"9":0,"10":2,"11":4,"12":2,"13":1},"f":{"0":0,"1":0,"2":0,"3":4,"4":1},"b":{},"_coverageSchema":"1a1c01bbd47fc00a2c39e90264f33305004495a9","hash":"5d506eb4e95ebf595a7d1ebd64eefdbe10317b86"}
}
